        -:    0:Source:dominion.c
        -:    0:Graph:dominion.gcno
        -:    0:Data:dominion.gcda
        -:    0:Runs:24
        -:    0:Programs:24
        -:    1:#include "dominion.h"
        -:    2:#include "dominion_helpers.h"
        -:    3:#include "rngs.h"
        -:    4:#include <stdio.h>
        -:    5:#include <math.h>
        -:    6:#include <stdlib.h>
        -:    7:
function compare called 39 returned 100% blocks executed 100%
       39:    8:int compare(const void* a, const void* b) {
       39:    9:  if (*(int*)a > *(int*)b)
branch  0 taken 38% (fallthrough)
branch  1 taken 62%
       15:   10:    return 1;
       24:   11:  if (*(int*)a < *(int*)b)
branch  0 taken 13% (fallthrough)
branch  1 taken 88%
        3:   12:    return -1;
       21:   13:  return 0;
        -:   14:}
        -:   15:
function newGame called 0 returned 0% blocks executed 0%
    #####:   16:struct gameState* newGame() {
    #####:   17:  struct gameState* g = malloc(sizeof(struct gameState));
    #####:   18:  return g;
        -:   19:}
        -:   20:
function kingdomCards called 0 returned 0% blocks executed 0%
    #####:   21:int* kingdomCards(int k1, int k2, int k3, int k4, int k5, int k6, int k7,
        -:   22:		  int k8, int k9, int k10) {
    #####:   23:  int* k = malloc(10 * sizeof(int));
    #####:   24:  k[0] = k1;
    #####:   25:  k[1] = k2;
    #####:   26:  k[2] = k3;
    #####:   27:  k[3] = k4;
    #####:   28:  k[4] = k5;
    #####:   29:  k[5] = k6;
    #####:   30:  k[6] = k7;
    #####:   31:  k[7] = k8;
    #####:   32:  k[8] = k9;
    #####:   33:  k[9] = k10;
    #####:   34:  return k;
        -:   35:}
        -:   36:
function initializeGame called 0 returned 0% blocks executed 0%
    #####:   37:int initializeGame(int numPlayers, int kingdomCards[10], int randomSeed,
        -:   38:		   struct gameState *state) {
        -:   39:
        -:   40:  int i;
        -:   41:  int j;
        -:   42:  int it;			
        -:   43:  //set up random number generator
    #####:   44:  SelectStream(1);
call    0 never executed
    #####:   45:  PutSeed((long)randomSeed);
call    0 never executed
        -:   46:  
        -:   47:  //check number of players
    #####:   48:  if (numPlayers > MAX_PLAYERS || numPlayers < 2)
branch  0 never executed
branch  1 never executed
branch  2 never executed
branch  3 never executed
        -:   49:    {
    #####:   50:      return -1;
        -:   51:    }
        -:   52:
        -:   53:  //set number of players
    #####:   54:  state->numPlayers = numPlayers;
        -:   55:
        -:   56:  //check selected kingdom cards are different
    #####:   57:  for (i = 0; i < 10; i++)
branch  0 never executed
branch  1 never executed
        -:   58:    {
    #####:   59:      for (j = 0; j < 10; j++)
branch  0 never executed
branch  1 never executed
        -:   60:        {
    #####:   61:	  if (j != i && kingdomCards[j] == kingdomCards[i])
branch  0 never executed
branch  1 never executed
branch  2 never executed
branch  3 never executed
        -:   62:	    {
    #####:   63:	      return -1;
        -:   64:	    }
        -:   65:        }
        -:   66:    }
        -:   67:
        -:   68:
        -:   69:  //initialize supply
        -:   70:  ///////////////////////////////
        -:   71:
        -:   72:  //set number of Curse cards
    #####:   73:  if (numPlayers == 2)
branch  0 never executed
branch  1 never executed
        -:   74:    {
    #####:   75:      state->supplyCount[curse] = 10;
        -:   76:    }
    #####:   77:  else if (numPlayers == 3)
branch  0 never executed
branch  1 never executed
        -:   78:    {
    #####:   79:      state->supplyCount[curse] = 20;
        -:   80:    }
        -:   81:  else
        -:   82:    {
    #####:   83:      state->supplyCount[curse] = 30;
        -:   84:    }
        -:   85:
        -:   86:  //set number of Victory cards
    #####:   87:  if (numPlayers == 2)
branch  0 never executed
branch  1 never executed
        -:   88:    {
    #####:   89:      state->supplyCount[estate] = 8;
    #####:   90:      state->supplyCount[duchy] = 8;
    #####:   91:      state->supplyCount[province] = 8;
        -:   92:    }
        -:   93:  else
        -:   94:    {
    #####:   95:      state->supplyCount[estate] = 12;
    #####:   96:      state->supplyCount[duchy] = 12;
    #####:   97:      state->supplyCount[province] = 12;
        -:   98:    }
        -:   99:
        -:  100:  //set number of Treasure cards
    #####:  101:  state->supplyCount[copper] = 60 - (7 * numPlayers);
    #####:  102:  state->supplyCount[silver] = 40;
    #####:  103:  state->supplyCount[gold] = 30;
        -:  104:
        -:  105:  //set number of Kingdom cards
    #####:  106:  for (i = adventurer; i <= treasure_map; i++)       	//loop all cards
branch  0 never executed
branch  1 never executed
        -:  107:    {
    #####:  108:      for (j = 0; j < 10; j++)           		//loop chosen cards
branch  0 never executed
branch  1 never executed
        -:  109:	{
    #####:  110:	  if (kingdomCards[j] == i)
branch  0 never executed
branch  1 never executed
        -:  111:	    {
        -:  112:	      //check if card is a 'Victory' Kingdom card
    #####:  113:	      if (kingdomCards[j] == great_hall || kingdomCards[j] == gardens)
branch  0 never executed
branch  1 never executed
branch  2 never executed
branch  3 never executed
        -:  114:		{
    #####:  115:		  if (numPlayers == 2){ 
branch  0 never executed
branch  1 never executed
    #####:  116:		    state->supplyCount[i] = 8; 
        -:  117:		  }
    #####:  118:		  else{ state->supplyCount[i] = 12; }
        -:  119:		}
        -:  120:	      else
        -:  121:		{
    #####:  122:		  state->supplyCount[i] = 10;
        -:  123:		}
    #####:  124:	      break;
        -:  125:	    }
        -:  126:	  else    //card is not in the set choosen for the game
        -:  127:	    {
    #####:  128:	      state->supplyCount[i] = -1;
        -:  129:	    }
        -:  130:	}
        -:  131:
        -:  132:    }
        -:  133:
        -:  134:  ////////////////////////
        -:  135:  //supply intilization complete
        -:  136:
        -:  137:  //set player decks
    #####:  138:  for (i = 0; i < numPlayers; i++)
branch  0 never executed
branch  1 never executed
        -:  139:    {
    #####:  140:      state->deckCount[i] = 0;
    #####:  141:      for (j = 0; j < 3; j++)
branch  0 never executed
branch  1 never executed
        -:  142:	{
    #####:  143:	  state->deck[i][j] = estate;
    #####:  144:	  state->deckCount[i]++;
        -:  145:	}
    #####:  146:      for (j = 3; j < 10; j++)
branch  0 never executed
branch  1 never executed
        -:  147:	{
    #####:  148:	  state->deck[i][j] = copper;
    #####:  149:	  state->deckCount[i]++;		
        -:  150:	}
        -:  151:    }
        -:  152:
        -:  153:  //shuffle player decks
    #####:  154:  for (i = 0; i < numPlayers; i++)
branch  0 never executed
branch  1 never executed
        -:  155:    {
    #####:  156:      if ( shuffle(i, state) < 0 )
call    0 never executed
branch  1 never executed
branch  2 never executed
        -:  157:	{
    #####:  158:	  return -1;
        -:  159:	}
        -:  160:    }
        -:  161:
        -:  162:  //draw player hands
    #####:  163:  for (i = 0; i < numPlayers; i++)
branch  0 never executed
branch  1 never executed
        -:  164:    {  
        -:  165:      //initialize hand size to zero
    #####:  166:      state->handCount[i] = 0;
    #####:  167:      state->discardCount[i] = 0;
        -:  168:      //draw 5 cards
        -:  169:      // for (j = 0; j < 5; j++)
        -:  170:      //	{
        -:  171:      //	  drawCard(i, state);
        -:  172:      //	}
        -:  173:    }
        -:  174:  
        -:  175:  //set embargo tokens to 0 for all supply piles
    #####:  176:  for (i = 0; i <= treasure_map; i++)
branch  0 never executed
branch  1 never executed
        -:  177:    {
    #####:  178:      state->embargoTokens[i] = 0;
        -:  179:    }
        -:  180:
        -:  181:  //initialize first player's turn
    #####:  182:  state->outpostPlayed = 0;
    #####:  183:  state->phase = 0;
    #####:  184:  state->numActions = 1;
    #####:  185:  state->numBuys = 1;
    #####:  186:  state->playedCardCount = 0;
    #####:  187:  state->whoseTurn = 0;
    #####:  188:  state->handCount[state->whoseTurn] = 0;
        -:  189:  //int it; move to top
        -:  190:
        -:  191:  //Moved draw cards to here, only drawing at the start of a turn
    #####:  192:  for (it = 0; it < 5; it++){
branch  0 never executed
branch  1 never executed
    #####:  193:    drawCard(state->whoseTurn, state);
call    0 never executed
        -:  194:  }
        -:  195:
    #####:  196:  updateCoins(state->whoseTurn, state, 0);
call    0 never executed
        -:  197:
    #####:  198:  return 0;
        -:  199:}
        -:  200:
function shuffle called 72 returned 100% blocks executed 100%
       72:  201:int shuffle(int player, struct gameState *state) {
        -:  202: 
        -:  203:
        -:  204:  int newDeck[MAX_DECK];
       72:  205:  int newDeckPos = 0;
        -:  206:  int card;
        -:  207:  int i;
        -:  208:
       72:  209:  if (state->deckCount[player] < 1)
branch  0 taken 83% (fallthrough)
branch  1 taken 17%
       60:  210:    return -1;
       12:  211:  qsort ((void*)(state->deck[player]), state->deckCount[player], sizeof(int), compare); 
call    0 returned 100%
        -:  212:  /* SORT CARDS IN DECK TO ENSURE DETERMINISM! */
        -:  213:
       60:  214:  while (state->deckCount[player] > 0) {
branch  0 taken 75%
branch  1 taken 25% (fallthrough)
       36:  215:    card = floor(Random() * state->deckCount[player]);
call    0 returned 100%
       36:  216:    newDeck[newDeckPos] = state->deck[player][card];
       36:  217:    newDeckPos++;
       57:  218:    for (i = card; i < state->deckCount[player]-1; i++) {
branch  0 taken 37%
branch  1 taken 63% (fallthrough)
       21:  219:      state->deck[player][i] = state->deck[player][i+1];
        -:  220:    }
       36:  221:    state->deckCount[player]--;
        -:  222:  }
       48:  223:  for (i = 0; i < newDeckPos; i++) {
branch  0 taken 75%
branch  1 taken 25% (fallthrough)
       36:  224:    state->deck[player][i] = newDeck[i];
       36:  225:    state->deckCount[player]++;
        -:  226:  }
        -:  227:
       12:  228:  return 0;
        -:  229:}
        -:  230:
function playCard called 0 returned 0% blocks executed 0%
    #####:  231:int playCard(int handPos, int choice1, int choice2, int choice3, struct gameState *state) 
        -:  232:{	
        -:  233:  int card;
    #####:  234:  int coin_bonus = 0; 		//tracks coins gain from actions
        -:  235:
        -:  236:  //check if it is the right phase
    #####:  237:  if (state->phase != 0)
branch  0 never executed
branch  1 never executed
        -:  238:    {
    #####:  239:      return -1;
        -:  240:    }
        -:  241:	
        -:  242:  //check if player has enough actions
    #####:  243:  if ( state->numActions < 1 )
branch  0 never executed
branch  1 never executed
        -:  244:    {
    #####:  245:      return -1;
        -:  246:    }
        -:  247:	
        -:  248:  //get card played
    #####:  249:  card = handCard(handPos, state);
call    0 never executed
        -:  250:	
        -:  251:  //check if selected card is an action
    #####:  252:  if ( card < adventurer || card > treasure_map )
branch  0 never executed
branch  1 never executed
branch  2 never executed
branch  3 never executed
        -:  253:    {
    #####:  254:      return -1;
        -:  255:    }
        -:  256:	
        -:  257:  //play card
    #####:  258:  if ( cardEffect(card, choice1, choice2, choice3, state, handPos, &coin_bonus) < 0 )
call    0 never executed
branch  1 never executed
branch  2 never executed
        -:  259:    {
    #####:  260:      return -1;
        -:  261:    }
        -:  262:	
        -:  263:  //reduce number of actions
    #####:  264:  state->numActions--;
        -:  265:
        -:  266:  //update coins (Treasure cards may be added with card draws)
    #####:  267:  updateCoins(state->whoseTurn, state, coin_bonus);
call    0 never executed
        -:  268:	
    #####:  269:  return 0;
        -:  270:}
        -:  271:
function buyCard called 12 returned 100% blocks executed 100%
       12:  272:int buyCard(int supplyPos, struct gameState *state) {
        -:  273:  int who;
        -:  274:  if (DEBUG){
        -:  275:    printf("Entering buyCard...\n");
        -:  276:  }
        -:  277:
        -:  278:  // I don't know what to do about the phase thing.
        -:  279:
       12:  280:  who = state->whoseTurn;
        -:  281:
       12:  282:  if (state->numBuys < 1){
branch  0 taken 25% (fallthrough)
branch  1 taken 75%
        -:  283:    if (DEBUG)
        -:  284:      printf("You do not have any buys left\n");
        3:  285:    return -1;
        9:  286:  } else if (supplyCount(supplyPos, state) <1){
call    0 returned 100%
branch  1 taken 33% (fallthrough)
branch  2 taken 67%
        -:  287:    if (DEBUG)
        -:  288:      printf("There are not any of that type of card left\n");
        3:  289:    return -1;
        6:  290:  } else if (state->coins < getCost(supplyPos)){
call    0 returned 100%
branch  1 taken 50% (fallthrough)
branch  2 taken 50%
        -:  291:    if (DEBUG) 
        -:  292:      printf("You do not have enough money to buy that. You have %d coins.\n", state->coins);
        3:  293:    return -1;
        -:  294:  } else {
        3:  295:    state->phase=1;
        -:  296:    //state->supplyCount[supplyPos]--;
        3:  297:    gainCard(supplyPos, state, 0, who); //card goes in discard, this might be wrong.. (2 means goes into hand, 0 goes into discard)
call    0 returned 100%
        -:  298:  
        3:  299:    state->coins = (state->coins) - (getCost(supplyPos));
call    0 returned 100%
        3:  300:    state->numBuys--;
        -:  301:    if (DEBUG)
        -:  302:      printf("You bought card number %d for %d coins. You now have %d buys and %d coins.\n", supplyPos, getCost(supplyPos), state->numBuys, state->coins);
        -:  303:  }
        -:  304:
        -:  305:  //state->discard[who][state->discardCount[who]] = supplyPos;
        -:  306:  //state->discardCount[who]++;
        -:  307:    
        3:  308:  return 0;
        -:  309:}
        -:  310:
function numHandCards called 0 returned 0% blocks executed 0%
    #####:  311:int numHandCards(struct gameState *state) {
    #####:  312:  return state->handCount[ whoseTurn(state) ];
call    0 never executed
        -:  313:}
        -:  314:
function handCard called 0 returned 0% blocks executed 0%
    #####:  315:int handCard(int handPos, struct gameState *state) {
    #####:  316:  int currentPlayer = whoseTurn(state);
call    0 never executed
    #####:  317:  return state->hand[currentPlayer][handPos];
        -:  318:}
        -:  319:
function supplyCount called 12 returned 100% blocks executed 100%
       12:  320:int supplyCount(int card, struct gameState *state) {
       12:  321:  return state->supplyCount[card];
        -:  322:}
        -:  323:
function fullDeckCount called 24 returned 100% blocks executed 100%
       24:  324:int fullDeckCount(int player, int card, struct gameState *state) {
        -:  325:  int i;
       24:  326:  int count = 0;
        -:  327:
      114:  328:  for (i = 0; i < state->deckCount[player]; i++)
branch  0 taken 79%
branch  1 taken 21% (fallthrough)
        -:  329:    {
       90:  330:      if (state->deck[player][i] == card) count++;
branch  0 taken 93% (fallthrough)
branch  1 taken 7%
        -:  331:    }
        -:  332:
      117:  333:  for (i = 0; i < state->handCount[player]; i++)
branch  0 taken 79%
branch  1 taken 21% (fallthrough)
        -:  334:    {
       93:  335:      if (state->hand[player][i] == card) count++;
branch  0 taken 84% (fallthrough)
branch  1 taken 16%
        -:  336:    }
        -:  337:
      117:  338:  for (i = 0; i < state->discardCount[player]; i++)
branch  0 taken 79%
branch  1 taken 21% (fallthrough)
        -:  339:    {
       93:  340:      if (state->discard[player][i] == card) count++;
branch  0 taken 90% (fallthrough)
branch  1 taken 10%
        -:  341:    }
        -:  342:
       24:  343:  return count;
        -:  344:}
        -:  345:
function whoseTurn called 48 returned 100% blocks executed 100%
       48:  346:int whoseTurn(struct gameState *state) {
       48:  347:  return state->whoseTurn;
        -:  348:}
        -:  349:
function endTurn called 0 returned 0% blocks executed 0%
    #####:  350:int endTurn(struct gameState *state) {
        -:  351:  int k;
        -:  352:  int i;
    #####:  353:  int currentPlayer = whoseTurn(state);
call    0 never executed
        -:  354:  
        -:  355:  //Discard hand
    #####:  356:  for (i = 0; i < state->handCount[currentPlayer]; i++){
branch  0 never executed
branch  1 never executed
    #####:  357:    state->discard[currentPlayer][state->discardCount[currentPlayer]++] = state->hand[currentPlayer][i];//Discard
    #####:  358:    state->hand[currentPlayer][i] = -1;//Set card to -1
        -:  359:  }
    #####:  360:  state->handCount[currentPlayer] = 0;//Reset hand count
        -:  361:    
        -:  362:  //Code for determining the player
    #####:  363:  if (currentPlayer < (state->numPlayers - 1)){ 
branch  0 never executed
branch  1 never executed
    #####:  364:    state->whoseTurn = currentPlayer + 1;//Still safe to increment
        -:  365:  }
        -:  366:  else{
    #####:  367:    state->whoseTurn = 0;//Max player has been reached, loop back around to player 1
        -:  368:  }
        -:  369:
    #####:  370:  state->outpostPlayed = 0;
    #####:  371:  state->phase = 0;
    #####:  372:  state->numActions = 1;
    #####:  373:  state->coins = 0;
    #####:  374:  state->numBuys = 1;
    #####:  375:  state->playedCardCount = 0;
    #####:  376:  state->handCount[state->whoseTurn] = 0;
        -:  377:
        -:  378:  //int k; move to top
        -:  379:  //Next player draws hand
    #####:  380:  for (k = 0; k < 5; k++){
branch  0 never executed
branch  1 never executed
    #####:  381:    drawCard(state->whoseTurn, state);//Draw a card
call    0 never executed
        -:  382:  }
        -:  383:
        -:  384:  //Update money
    #####:  385:  updateCoins(state->whoseTurn, state , 0);
call    0 never executed
        -:  386:
    #####:  387:  return 0;
        -:  388:}
        -:  389:
function isGameOver called 84 returned 100% blocks executed 100%
       84:  390:int isGameOver(struct gameState *state) {
        -:  391:  int i;
        -:  392:  int j;
        -:  393:	
        -:  394:  //if stack of Province cards is empty, the game ends
       84:  395:  if (state->supplyCount[province] == 0)
branch  0 taken 4% (fallthrough)
branch  1 taken 96%
        -:  396:    {
        3:  397:      return 1;
        -:  398:    }
        -:  399:
        -:  400:  //if three supply pile are at 0, the game ends
       81:  401:  j = 0;
     2106:  402:  for (i = 0; i < 25; i++)
branch  0 taken 96%
branch  1 taken 4% (fallthrough)
        -:  403:    {
     2025:  404:      if (state->supplyCount[i] == 0)
branch  0 taken 52% (fallthrough)
branch  1 taken 48%
        -:  405:	{
     1044:  406:	  j++;
        -:  407:	}
        -:  408:    }
       81:  409:  if ( j >= 3)
branch  0 taken 89% (fallthrough)
branch  1 taken 11%
        -:  410:    {
       72:  411:      return 1;
        -:  412:    }
        -:  413:
        9:  414:  return 0;
        -:  415:}
        -:  416:
function scoreFor called 72 returned 100% blocks executed 88%
       72:  417:int scoreFor (int player, struct gameState *state) {
        -:  418:
        -:  419:  int i;
       72:  420:  int score = 0;
        -:  421:  //score from hand
      180:  422:  for (i = 0; i < state->handCount[player]; i++)
branch  0 taken 60%
branch  1 taken 40% (fallthrough)
        -:  423:    {
      108:  424:      if (state->hand[player][i] == curse) { score = score - 1; };
branch  0 taken 75% (fallthrough)
branch  1 taken 25%
      108:  425:      if (state->hand[player][i] == estate) { score = score + 1; };
branch  0 taken 3% (fallthrough)
branch  1 taken 97%
      108:  426:      if (state->hand[player][i] == duchy) { score = score + 3; };
branch  0 taken 3% (fallthrough)
branch  1 taken 97%
      108:  427:      if (state->hand[player][i] == province) { score = score + 6; };
branch  0 taken 3% (fallthrough)
branch  1 taken 97%
      108:  428:      if (state->hand[player][i] == great_hall) { score = score + 1; };
branch  0 taken 3% (fallthrough)
branch  1 taken 97%
      108:  429:      if (state->hand[player][i] == gardens) { score = score + ( fullDeckCount(player, 0, state) / 10 ); };
branch  0 taken 14% (fallthrough)
branch  1 taken 86%
call    2 returned 100%
        -:  430:    }
        -:  431:
        -:  432:  //score from discard
      180:  433:  for (i = 0; i < state->discardCount[player]; i++)
branch  0 taken 60%
branch  1 taken 40% (fallthrough)
        -:  434:    {
      108:  435:      if (state->discard[player][i] == curse) { score = score - 1; };
branch  0 taken 81% (fallthrough)
branch  1 taken 19%
      108:  436:      if (state->discard[player][i] == estate) { score = score + 1; };
branch  0 taken 3% (fallthrough)
branch  1 taken 97%
      108:  437:      if (state->discard[player][i] == duchy) { score = score + 3; };
branch  0 taken 3% (fallthrough)
branch  1 taken 97%
      108:  438:      if (state->discard[player][i] == province) { score = score + 6; };
branch  0 taken 3% (fallthrough)
branch  1 taken 97%
      108:  439:      if (state->discard[player][i] == great_hall) { score = score + 1; };
branch  0 taken 3% (fallthrough)
branch  1 taken 97%
      108:  440:      if (state->discard[player][i] == gardens) { score = score + ( fullDeckCount(player, 0, state) / 10 ); };
branch  0 taken 8% (fallthrough)
branch  1 taken 92%
call    2 returned 100%
        -:  441:    }
        -:  442:
        -:  443:  //score from deck
      180:  444:  for (i = 0; i < state->discardCount[player]; i++)
branch  0 taken 60%
branch  1 taken 40% (fallthrough)
        -:  445:    {
      108:  446:      if (state->deck[player][i] == curse) { score = score - 1; };
branch  0 taken 100% (fallthrough)
branch  1 taken 0%
      108:  447:      if (state->deck[player][i] == estate) { score = score + 1; };
branch  0 taken 0% (fallthrough)
branch  1 taken 100%
      108:  448:      if (state->deck[player][i] == duchy) { score = score + 3; };
branch  0 taken 0% (fallthrough)
branch  1 taken 100%
      108:  449:      if (state->deck[player][i] == province) { score = score + 6; };
branch  0 taken 0% (fallthrough)
branch  1 taken 100%
      108:  450:      if (state->deck[player][i] == great_hall) { score = score + 1; };
branch  0 taken 0% (fallthrough)
branch  1 taken 100%
      108:  451:      if (state->deck[player][i] == gardens) { score = score + ( fullDeckCount(player, 0, state) / 10 ); };
branch  0 taken 0% (fallthrough)
branch  1 taken 100%
call    2 never executed
        -:  452:    }
        -:  453:
       72:  454:  return score;
        -:  455:}
        -:  456:
function getWinners called 0 returned 0% blocks executed 0%
    #####:  457:int getWinners(int players[MAX_PLAYERS], struct gameState *state) {
        -:  458:  int i;	
        -:  459:  int j;
        -:  460:  int highScore;
        -:  461:  int currentPlayer;
        -:  462:
        -:  463:  //get score for each player
    #####:  464:  for (i = 0; i < MAX_PLAYERS; i++)
branch  0 never executed
branch  1 never executed
        -:  465:    {
        -:  466:      //set unused player scores to -9999
    #####:  467:      if (i >= state->numPlayers)
branch  0 never executed
branch  1 never executed
        -:  468:	{
    #####:  469:	  players[i] = -9999;
        -:  470:	}
        -:  471:      else
        -:  472:	{
    #####:  473:	  players[i] = scoreFor (i, state);
call    0 never executed
        -:  474:	}
        -:  475:    }
        -:  476:
        -:  477:  //find highest score
    #####:  478:  j = 0;
    #####:  479:  for (i = 0; i < MAX_PLAYERS; i++)
branch  0 never executed
branch  1 never executed
        -:  480:    {
    #####:  481:      if (players[i] > players[j])
branch  0 never executed
branch  1 never executed
        -:  482:	{
    #####:  483:	  j = i;
        -:  484:	}
        -:  485:    }
    #####:  486:  highScore = players[j];
        -:  487:
        -:  488:  //add 1 to players who had less turns
    #####:  489:  currentPlayer = whoseTurn(state);
call    0 never executed
    #####:  490:  for (i = 0; i < MAX_PLAYERS; i++)
branch  0 never executed
branch  1 never executed
        -:  491:    {
    #####:  492:      if ( players[i] == highScore && i > currentPlayer )
branch  0 never executed
branch  1 never executed
branch  2 never executed
branch  3 never executed
        -:  493:	{
    #####:  494:	  players[i]++;
        -:  495:	}
        -:  496:    }
        -:  497:
        -:  498:  //find new highest score
    #####:  499:  j = 0;
    #####:  500:  for (i = 0; i < MAX_PLAYERS; i++)
branch  0 never executed
branch  1 never executed
        -:  501:    {
    #####:  502:      if ( players[i] > players[j] )
branch  0 never executed
branch  1 never executed
        -:  503:	{
    #####:  504:	  j = i;
        -:  505:	}
        -:  506:    }
    #####:  507:  highScore = players[j];
        -:  508:
        -:  509:  //set winners in array to 1 and rest to 0
    #####:  510:  for (i = 0; i < MAX_PLAYERS; i++)
branch  0 never executed
branch  1 never executed
        -:  511:    {
    #####:  512:      if ( players[i] == highScore )
branch  0 never executed
branch  1 never executed
        -:  513:	{
    #####:  514:	  players[i] = 1;
        -:  515:	}
        -:  516:      else
        -:  517:	{
    #####:  518:	  players[i] = 0;
        -:  519:	}
        -:  520:    }
        -:  521:
    #####:  522:  return 0;
        -:  523:}
        -:  524:
function drawCard called 219 returned 100% blocks executed 100%
      219:  525:int drawCard(int player, struct gameState *state)
        -:  526:{	int count;
        -:  527:  int deckCounter;
      219:  528:  if (state->deckCount[player] <= 0){//Deck is empty
branch  0 taken 33% (fallthrough)
branch  1 taken 67%
        -:  529:    
        -:  530:    //Step 1 Shuffle the discard pile back into a deck
        -:  531:    int i;
        -:  532:    //Move discard to deck
      108:  533:    for (i = 0; i < state->discardCount[player];i++){
branch  0 taken 33%
branch  1 taken 67% (fallthrough)
       36:  534:      state->deck[player][i] = state->discard[player][i];
       36:  535:      state->discard[player][i] = -1;
        -:  536:    }
        -:  537:
       72:  538:    state->deckCount[player] = state->discardCount[player];
       72:  539:    state->discardCount[player] = 0;//Reset discard
        -:  540:
        -:  541:    //Shufffle the deck
       72:  542:    shuffle(player, state);//Shuffle the deck up and make it so that we can draw
call    0 returned 100%
        -:  543:   
        -:  544:    if (DEBUG){//Debug statements
        -:  545:      printf("Deck count now: %d\n", state->deckCount[player]);
        -:  546:    }
        -:  547:    
       72:  548:    state->discardCount[player] = 0;
        -:  549:
        -:  550:    //Step 2 Draw Card
       72:  551:    count = state->handCount[player];//Get current player's hand count
        -:  552:    
        -:  553:    if (DEBUG){//Debug statements
        -:  554:      printf("Current hand count: %d\n", count);
        -:  555:    }
        -:  556:    
       72:  557:    deckCounter = state->deckCount[player];//Create a holder for the deck count
        -:  558:
       72:  559:    if (deckCounter == 0)
branch  0 taken 83% (fallthrough)
branch  1 taken 17%
       60:  560:      return -1;
        -:  561:
       12:  562:    state->hand[player][count] = state->deck[player][deckCounter - 1];//Add card to hand
       12:  563:    state->deckCount[player]--;
       12:  564:    state->handCount[player]++;//Increment hand count
        -:  565:  }
        -:  566:
        -:  567:  else{
      147:  568:    int count = state->handCount[player];//Get current hand count for player
        -:  569:    int deckCounter;
        -:  570:    if (DEBUG){//Debug statements
        -:  571:      printf("Current hand count: %d\n", count);
        -:  572:    }
        -:  573:
      147:  574:    deckCounter = state->deckCount[player];//Create holder for the deck count
      147:  575:    state->hand[player][count] = state->deck[player][deckCounter - 1];//Add card to the hand
      147:  576:    state->deckCount[player]--;
      147:  577:    state->handCount[player]++;//Increment hand count
        -:  578:  }
        -:  579:
      159:  580:  return 0;
        -:  581:}
        -:  582:
function getCost called 9 returned 100% blocks executed 10%
        9:  583:int getCost(int cardNumber)
        -:  584:{
        9:  585:  switch( cardNumber ) 
branch  0 taken 0%
branch  1 taken 0%
branch  2 taken 0%
branch  3 taken 0%
branch  4 taken 0%
branch  5 taken 0%
branch  6 taken 0%
branch  7 taken 100%
branch  8 taken 0%
branch  9 taken 0%
branch 10 taken 0%
branch 11 taken 0%
branch 12 taken 0%
branch 13 taken 0%
branch 14 taken 0%
branch 15 taken 0%
branch 16 taken 0%
branch 17 taken 0%
branch 18 taken 0%
branch 19 taken 0%
branch 20 taken 0%
branch 21 taken 0%
branch 22 taken 0%
branch 23 taken 0%
branch 24 taken 0%
branch 25 taken 0%
branch 26 taken 0%
branch 27 taken 0%
        -:  586:    {
        -:  587:    case curse:
    #####:  588:      return 0;
        -:  589:    case estate:
    #####:  590:      return 2;
        -:  591:    case duchy:
    #####:  592:      return 5;
        -:  593:    case province:
    #####:  594:      return 8;
        -:  595:    case copper:
    #####:  596:      return 0;
        -:  597:    case silver:
    #####:  598:      return 3;
        -:  599:    case gold:
    #####:  600:      return 6;
        -:  601:    case adventurer:
        9:  602:      return 6;
        -:  603:    case council_room:
    #####:  604:      return 5;
        -:  605:    case feast:
    #####:  606:      return 4;
        -:  607:    case gardens:
    #####:  608:      return 4;
        -:  609:    case mine:
    #####:  610:      return 5;
        -:  611:    case remodel:
    #####:  612:      return 4;
        -:  613:    case smithy:
    #####:  614:      return 4;
        -:  615:    case village:
    #####:  616:      return 3;
        -:  617:    case baron:
    #####:  618:      return 4;
        -:  619:    case great_hall:
    #####:  620:      return 3;
        -:  621:    case minion:
    #####:  622:      return 5;
        -:  623:    case steward:
    #####:  624:      return 3;
        -:  625:    case tribute:
    #####:  626:      return 5;
        -:  627:    case ambassador:
    #####:  628:      return 3;
        -:  629:    case cutpurse:
    #####:  630:      return 4;
        -:  631:    case embargo: 
    #####:  632:      return 2;
        -:  633:    case outpost:
    #####:  634:      return 5;
        -:  635:    case salvager:
    #####:  636:      return 4;
        -:  637:    case sea_hag:
    #####:  638:      return 4;
        -:  639:    case treasure_map:
    #####:  640:      return 4;
        -:  641:    }
        -:  642:	
    #####:  643:  return -1;
        -:  644:}
        -:  645:
function playAdventurer called 15 returned 100% blocks executed 94%
       15:  646:int playAdventurer(struct gameState* state)
        -:  647:{
       15:  648:	int drawntreasure=0;
       15:  649:	int z = 0;
       15:  650:	int currentPlayer = whoseTurn(state);
call    0 returned 100%
        -:  651:	int cardDrawn;
        -:  652:	int temphand[MAX_HAND];
        -:  653:
      108:  654:	while(drawntreasure<2){
branch  0 taken 84%
branch  1 taken 16% (fallthrough)
       78:  655:	if (state->deckCount[currentPlayer] <0){//if the deck is empty we need to shuffle discard and add to deck
branch  0 taken 0% (fallthrough)
branch  1 taken 100%
    #####:  656:	  shuffle(currentPlayer, state);
call    0 never executed
        -:  657:	}
       78:  658:	drawCard(currentPlayer, state);
call    0 returned 100%
       78:  659:	cardDrawn = state->hand[currentPlayer][state->handCount[currentPlayer]-1];//top card of hand is most recently drawn card.
       78:  660:	if (cardDrawn == copper || cardDrawn == silver || cardDrawn == gold)
branch  0 taken 100% (fallthrough)
branch  1 taken 0%
branch  2 taken 100% (fallthrough)
branch  3 taken 0%
branch  4 taken 38% (fallthrough)
branch  5 taken 62%
       30:  661:	  drawntreasure++;
        -:  662:	else{
       48:  663:	  temphand[z]=cardDrawn;
       48:  664:	  state->handCount[currentPlayer]--; //this should just remove the top card (the most recently drawn one).
       48:  665:	  z++;
        -:  666:	}
        -:  667:      }
       78:  668:      while(z-1>=0){
branch  0 taken 76%
branch  1 taken 24% (fallthrough)
       48:  669:	state->discard[currentPlayer][state->discardCount[currentPlayer]++]=temphand[z-1]; // discard all cards in play that have been drawn
       48:  670:	z=z-1;
        -:  671:      }
       15:  672:      return 0;
        -:  673:}
        -:  674:
function playCouncil_room called 12 returned 100% blocks executed 100%
       12:  675:int playCouncil_room(struct gameState* state, int handPos)
        -:  676:{
        -:  677:	int i;
       12:  678:	int currentPlayer = whoseTurn(state);
call    0 returned 100%
        -:  679:
        -:  680:      //+4 Cards
       60:  681:      for (i = 0; i < 4; i++)
branch  0 taken 80%
branch  1 taken 20% (fallthrough)
        -:  682:	{
       48:  683:	  drawCard(currentPlayer, state);
call    0 returned 100%
        -:  684:	}
        -:  685:			
        -:  686:      //+1 Buy
       12:  687:      state->numBuys++;
        -:  688:			
        -:  689:      //Each other player draws a card
       42:  690:      for (i = 1; i < state->numPlayers; i++)
branch  0 taken 71%
branch  1 taken 29% (fallthrough)
        -:  691:	{
       30:  692:	  if ( i != currentPlayer )
branch  0 taken 90% (fallthrough)
branch  1 taken 10%
        -:  693:	    {
       27:  694:	      drawCard(i, state);
call    0 returned 100%
        -:  695:	    }
        -:  696:	}
        -:  697:      //put played card in played card pile
       12:  698:      discardCard(handPos, currentPlayer, state, 0);
call    0 returned 100%
        -:  699:			
       12:  700:      return 0;
        -:  701:}
        -:  702:
function playRemodel called 0 returned 0% blocks executed 0%
    #####:  703:int playRemodel(struct gameState* state, int handPos, int choice1, int choice2)
        -:  704:{
    #####:  705:	  int currentPlayer = whoseTurn(state);
call    0 never executed
        -:  706:	  int i;
    #####:  707:      int j = state->hand[currentPlayer][choice1];  //store card we will trash
        -:  708:
    #####:  709:      if ( (getCost(state->hand[currentPlayer][choice1]) + 2) > getCost(choice2) )
call    0 never executed
call    1 never executed
branch  2 never executed
branch  3 never executed
        -:  710:	{
    #####:  711:	  return -1;
        -:  712:	}
        -:  713:
    #####:  714:      gainCard(choice2, state, 0, currentPlayer);
call    0 never executed
        -:  715:
        -:  716:      //discard card from hand
    #####:  717:      discardCard(handPos, currentPlayer, state, 0);
call    0 never executed
        -:  718:
        -:  719:      //discard trashed card
    #####:  720:      for (i = 0; i < state->handCount[currentPlayer]; i++)
branch  0 never executed
branch  1 never executed
        -:  721:	{
    #####:  722:	  if (state->hand[currentPlayer][i] == j)
branch  0 never executed
branch  1 never executed
        -:  723:	    {
    #####:  724:	      discardCard(i, currentPlayer, state, 0);			
call    0 never executed
    #####:  725:	      break;
        -:  726:	    }
        -:  727:	}
        -:  728:
    #####:  729:      return 0;
        -:  730:}
        -:  731:
function playSmithy called 15 returned 100% blocks executed 100%
       15:  732:int playSmithy(struct gameState* state, int handPos)
        -:  733:{
        -:  734:	int i;
       15:  735:	int currentPlayer = whoseTurn(state);
call    0 returned 100%
        -:  736:      //+3 Cards
       75:  737:      for (i = 0; i <= 3; i++)
branch  0 taken 80%
branch  1 taken 20% (fallthrough)
        -:  738:	{
       60:  739:	  drawCard(currentPlayer, state);
call    0 returned 100%
        -:  740:	}
        -:  741:			
        -:  742:      //discard card from hand
       15:  743:      discardCard(handPos, currentPlayer, state, 0);
call    0 returned 100%
       15:  744:      return 0;
        -:  745:}
        -:  746:
function playSteward called 0 returned 0% blocks executed 0%
    #####:  747:int playSteward(struct gameState* state, int handPos, int choice1, int choice2, int choice3)
        -:  748:{
    #####:  749:	int currentPlayer = whoseTurn(state);
call    0 never executed
    #####:  750:      if (choice1 == 1)
branch  0 never executed
branch  1 never executed
        -:  751:	{
        -:  752:	  //+2 cards
    #####:  753:	  drawCard(currentPlayer, state);
call    0 never executed
    #####:  754:	  drawCard(currentPlayer, state);
call    0 never executed
        -:  755:	}
    #####:  756:      if (choice1 == 2)
branch  0 never executed
branch  1 never executed
        -:  757:	{
        -:  758:	  //+2 coins
    #####:  759:	  state->coins = state->coins + 2;
        -:  760:	}
        -:  761:      else
        -:  762:	{
        -:  763:	  //trash 2 cards in hand
    #####:  764:	  discardCard(choice2, currentPlayer, state, 1);
call    0 never executed
    #####:  765:	  discardCard(choice3, currentPlayer, state, 1);
call    0 never executed
        -:  766:	}
        -:  767:			
        -:  768:      //discard card from hand
    #####:  769:      discardCard(handPos, currentPlayer, state, 0);
call    0 never executed
    #####:  770:      return 0;
        -:  771:}
        -:  772:
function cardEffect called 6 returned 100% blocks executed 4%
        6:  773:int cardEffect(int card, int choice1, int choice2, int choice3, struct gameState *state, int handPos, int *bonus)
        -:  774:{
        -:  775:  int i;
        -:  776:  int j;
        -:  777:  int k;
        -:  778:  int x;
        -:  779:  int index;
        6:  780:  int currentPlayer = whoseTurn(state);
call    0 returned 100%
        6:  781:  int nextPlayer = currentPlayer + 1;
        -:  782:
        6:  783:  int tributeRevealedCards[2] = {-1, -1};
        -:  784:  int temphand[MAX_HAND];// moved above the if statement
        6:  785:  int drawntreasure=0;
        -:  786:  int cardDrawn;
        6:  787:  int z = 0;// this is the counter for the temp hand
        6:  788:  if (nextPlayer > (state->numPlayers - 1)){
branch  0 taken 0% (fallthrough)
branch  1 taken 100%
    #####:  789:    nextPlayer = 0;
        -:  790:  }
        -:  791:  
        -:  792:	
        -:  793:  //uses switch to select card and perform actions
        6:  794:  switch( card ) 
branch  0 taken 0%
branch  1 taken 0%
branch  2 taken 0%
branch  3 taken 0%
branch  4 taken 0%
branch  5 taken 0%
branch  6 taken 0%
branch  7 taken 100%
branch  8 taken 0%
branch  9 taken 0%
branch 10 taken 0%
branch 11 taken 0%
branch 12 taken 0%
branch 13 taken 0%
branch 14 taken 0%
branch 15 taken 0%
branch 16 taken 0%
branch 17 taken 0%
branch 18 taken 0%
branch 19 taken 0%
branch 20 taken 0%
        -:  795:    {
        -:  796:    case adventurer:
    #####:  797:		return playAdventurer(state);
call    0 never executed
        -:  798:			
        -:  799:    case council_room:
    #####:  800:		return playCouncil_room(state, handPos);			
call    0 never executed
        -:  801:			
        -:  802:    case feast:
        -:  803:      //gain card with cost up to 5
        -:  804:      //Backup hand
    #####:  805:      for (i = 0; i <= state->handCount[currentPlayer]; i++){
branch  0 never executed
branch  1 never executed
    #####:  806:	temphand[i] = state->hand[currentPlayer][i];//Backup card
    #####:  807:	state->hand[currentPlayer][i] = -1;//Set to nothing
        -:  808:      }
        -:  809:      //Backup hand
        -:  810:
        -:  811:      //Update Coins for Buy
    #####:  812:      updateCoins(currentPlayer, state, 5);
call    0 never executed
    #####:  813:      x = 1;//Condition to loop on
    #####:  814:      while( x == 1) {//Buy one card
branch  0 never executed
branch  1 never executed
    #####:  815:	if (supplyCount(choice1, state) <= 0){
call    0 never executed
branch  1 never executed
branch  2 never executed
        -:  816:	  if (DEBUG)
        -:  817:	    printf("None of that card left, sorry!\n");
        -:  818:
        -:  819:	  if (DEBUG){
        -:  820:	    printf("Cards Left: %d\n", supplyCount(choice1, state));
        -:  821:	  }
        -:  822:	}
    #####:  823:	else if (state->coins < getCost(choice1)){
call    0 never executed
branch  1 never executed
branch  2 never executed
    #####:  824:	  printf("That card is too expensive!\n");
call    0 never executed
        -:  825:
        -:  826:	  if (DEBUG){
        -:  827:	    printf("Coins: %d < %d\n", state->coins, getCost(choice1));
        -:  828:	  }
        -:  829:	}
        -:  830:	else{
        -:  831:
        -:  832:	  if (DEBUG){
        -:  833:	    printf("Deck Count: %d\n", state->handCount[currentPlayer] + state->deckCount[currentPlayer] + state->discardCount[currentPlayer]);
        -:  834:	  }
        -:  835:
    #####:  836:	  gainCard(choice1, state, 0, currentPlayer);//Gain the card
call    0 never executed
    #####:  837:	  x = 0;//No more buying cards
        -:  838:
        -:  839:	  if (DEBUG){
        -:  840:	    printf("Deck Count: %d\n", state->handCount[currentPlayer] + state->deckCount[currentPlayer] + state->discardCount[currentPlayer]);
        -:  841:	  }
        -:  842:
        -:  843:	}
        -:  844:      }     
        -:  845:
        -:  846:      //Reset Hand
    #####:  847:      for (i = 0; i <= state->handCount[currentPlayer]; i++){
branch  0 never executed
branch  1 never executed
    #####:  848:	state->hand[currentPlayer][i] = temphand[i];
    #####:  849:	temphand[i] = -1;
        -:  850:      }
        -:  851:      //Reset Hand
        -:  852:      			
    #####:  853:      return 0;
        -:  854:			
        -:  855:    case gardens:
    #####:  856:      return -1;
        -:  857:			
        -:  858:    case mine:
    #####:  859:      j = state->hand[currentPlayer][choice1];  //store card we will trash
        -:  860:
    #####:  861:      if (state->hand[currentPlayer][choice1] < copper || state->hand[currentPlayer][choice1] > gold)
branch  0 never executed
branch  1 never executed
branch  2 never executed
branch  3 never executed
        -:  862:	{
    #####:  863:	  return -1;
        -:  864:	}
        -:  865:		
    #####:  866:      if (choice2 > treasure_map || choice2 < curse)
branch  0 never executed
branch  1 never executed
branch  2 never executed
branch  3 never executed
        -:  867:	{
    #####:  868:	  return -1;
        -:  869:	}
        -:  870:
    #####:  871:      if ( (getCost(state->hand[currentPlayer][choice1]) + 3) > getCost(choice2) )
call    0 never executed
call    1 never executed
branch  2 never executed
branch  3 never executed
        -:  872:	{
    #####:  873:	  return -1;
        -:  874:	}
        -:  875:
    #####:  876:      gainCard(choice2, state, 2, currentPlayer);
call    0 never executed
        -:  877:
        -:  878:      //discard card from hand
    #####:  879:      discardCard(handPos, currentPlayer, state, 0);
call    0 never executed
        -:  880:
        -:  881:      //discard trashed card
    #####:  882:      for (i = 0; i < state->handCount[currentPlayer]; i++)
branch  0 never executed
branch  1 never executed
        -:  883:	{
    #####:  884:	  if (state->hand[currentPlayer][i] == j)
branch  0 never executed
branch  1 never executed
        -:  885:	    {
    #####:  886:	      discardCard(i, currentPlayer, state, 0);			
call    0 never executed
    #####:  887:	      break;
        -:  888:	    }
        -:  889:	}
        -:  890:			
    #####:  891:      return 0;
        -:  892:			
        -:  893:    case remodel:
    #####:  894:		return playRemodel(state, handPos, choice1, choice2);
call    0 never executed
        -:  895:		
        -:  896:    case smithy:
    #####:  897:		return playSmithy(state, handPos);
call    0 never executed
        -:  898:		
        -:  899:    case village:
        -:  900:      //+1 Card
        6:  901:      drawCard(currentPlayer, state);
call    0 returned 100%
        -:  902:			
        -:  903:      //+2 Actions
        6:  904:      state->numActions = state->numActions + 2;
        -:  905:			
        -:  906:      //discard played card from hand
        6:  907:      discardCard(handPos, currentPlayer, state, 0);
call    0 returned 100%
        6:  908:      return 0;
        -:  909:		
        -:  910:    case baron:
    #####:  911:      state->numBuys++;//Increase buys by 1!
    #####:  912:      if (choice1 > 0){//Boolean true or going to discard an estate
branch  0 never executed
branch  1 never executed
    #####:  913:	int p = 0;//Iterator for hand!
    #####:  914:	int card_not_discarded = 1;//Flag for discard set!
    #####:  915:	while(card_not_discarded){
branch  0 never executed
branch  1 never executed
    #####:  916:	  if (state->hand[currentPlayer][p] == estate){//Found an estate card!
branch  0 never executed
branch  1 never executed
    #####:  917:	    state->coins += 4;//Add 4 coins to the amount of coins
    #####:  918:	    state->discard[currentPlayer][state->discardCount[currentPlayer]] = state->hand[currentPlayer][p];
    #####:  919:	    state->discardCount[currentPlayer]++;
    #####:  920:	    for (;p < state->handCount[currentPlayer]; p++){
branch  0 never executed
branch  1 never executed
    #####:  921:	      state->hand[currentPlayer][p] = state->hand[currentPlayer][p+1];
        -:  922:	    }
    #####:  923:	    state->hand[currentPlayer][state->handCount[currentPlayer]] = -1;
    #####:  924:	    state->handCount[currentPlayer]--;
    #####:  925:	    card_not_discarded = 0;//Exit the loop
        -:  926:	  }
    #####:  927:	  else if (p > state->handCount[currentPlayer]){
branch  0 never executed
branch  1 never executed
        -:  928:	    if(DEBUG) {
        -:  929:	      printf("No estate cards in your hand, invalid choice\n");
        -:  930:	      printf("Must gain an estate if there are any\n");
        -:  931:	    }
    #####:  932:	    if (supplyCount(estate, state) > 0){
call    0 never executed
branch  1 never executed
branch  2 never executed
    #####:  933:	      gainCard(estate, state, 0, currentPlayer);
call    0 never executed
    #####:  934:	      state->supplyCount[estate]--;//Decrement estates
    #####:  935:	      if (supplyCount(estate, state) == 0){
call    0 never executed
branch  1 never executed
branch  2 never executed
    #####:  936:		isGameOver(state);
call    0 never executed
        -:  937:	      }
        -:  938:	    }
    #####:  939:	    card_not_discarded = 0;//Exit the loop
        -:  940:	  }
        -:  941:			    
        -:  942:	  else{
    #####:  943:	    p++;//Next card
        -:  944:	  }
        -:  945:	}
        -:  946:      }
        -:  947:			    
        -:  948:      else{
    #####:  949:	if (supplyCount(estate, state) > 0){
call    0 never executed
branch  1 never executed
branch  2 never executed
    #####:  950:	  gainCard(estate, state, 0, currentPlayer);//Gain an estate
call    0 never executed
    #####:  951:	  state->supplyCount[estate]--;//Decrement Estates
    #####:  952:	  if (supplyCount(estate, state) == 0){
call    0 never executed
branch  1 never executed
branch  2 never executed
    #####:  953:	    isGameOver(state);
call    0 never executed
        -:  954:	  }
        -:  955:	}
        -:  956:      }
        -:  957:	    
        -:  958:      
    #####:  959:      return 0;
        -:  960:		
        -:  961:    case great_hall:
        -:  962:		//+1 Card
    #####:  963:		drawCard(currentPlayer, state);
call    0 never executed
        -:  964:
        -:  965:		//+1 Actions
    #####:  966:		state->numActions++;
        -:  967:
        -:  968:		//discard card from hand
    #####:  969:		discardCard(handPos, currentPlayer, state, 0);
call    0 never executed
    #####:  970:		return 0;
        -:  971:		
        -:  972:    case minion:
        -:  973:      //+1 action
    #####:  974:      state->numActions++;
        -:  975:			
        -:  976:      //discard card from hand
    #####:  977:      discardCard(handPos, currentPlayer, state, 0);
call    0 never executed
        -:  978:			
    #####:  979:      if (choice1)		//+2 coins
branch  0 never executed
branch  1 never executed
        -:  980:	{
    #####:  981:	  state->coins = state->coins + 2;
        -:  982:	}
        -:  983:			
    #####:  984:      else if (choice2)		//discard hand, redraw 4, other players with 5+ cards discard hand and draw 4
branch  0 never executed
branch  1 never executed
        -:  985:	{
        -:  986:	  //discard hand
    #####:  987:	  while(numHandCards(state) > 0)
call    0 never executed
branch  1 never executed
branch  2 never executed
        -:  988:	    {
    #####:  989:	      discardCard(handPos, currentPlayer, state, 0);
call    0 never executed
        -:  990:	    }
        -:  991:				
        -:  992:	  //draw 4
    #####:  993:	  for (i = 0; i < 4; i++)
branch  0 never executed
branch  1 never executed
        -:  994:	    {
    #####:  995:	      drawCard(currentPlayer, state);
call    0 never executed
        -:  996:	    }
        -:  997:				
        -:  998:	  //other players discard hand and redraw if hand size > 4
    #####:  999:	  for (i = 0; i < state->numPlayers; i++)
branch  0 never executed
branch  1 never executed
        -: 1000:	    {
    #####: 1001:	      if (i != currentPlayer)
branch  0 never executed
branch  1 never executed
        -: 1002:		{
    #####: 1003:		  if ( state->handCount[i] > 4 )
branch  0 never executed
branch  1 never executed
        -: 1004:		    {
        -: 1005:		      //discard hand
    #####: 1006:		      while( state->handCount[i] > 0 )
branch  0 never executed
branch  1 never executed
        -: 1007:			{
    #####: 1008:			  discardCard(handPos, i, state, 0);
call    0 never executed
        -: 1009:			}
        -: 1010:							
        -: 1011:		      //draw 4
    #####: 1012:		      for (j = 0; j < 4; j++)
branch  0 never executed
branch  1 never executed
        -: 1013:			{
    #####: 1014:			  drawCard(i, state);
call    0 never executed
        -: 1015:			}
        -: 1016:		    }
        -: 1017:		}
        -: 1018:	    }
        -: 1019:				
        -: 1020:	}
    #####: 1021:      return 0;
        -: 1022:		
        -: 1023:    case steward:
    #####: 1024:	playSteward(state, handPos, choice1, choice2, choice3);
call    0 never executed
        -: 1025:		
        -: 1026:    case tribute:
    #####: 1027:      if ((state->discardCount[nextPlayer] + state->deckCount[nextPlayer]) <= 1){
branch  0 never executed
branch  1 never executed
    #####: 1028:	if (state->deckCount[nextPlayer] > 0){
branch  0 never executed
branch  1 never executed
    #####: 1029:	  tributeRevealedCards[0] = state->deck[nextPlayer][state->deckCount[nextPlayer]-1];
    #####: 1030:	  state->deckCount[nextPlayer]--;
        -: 1031:	}
    #####: 1032:	else if (state->discardCount[nextPlayer] > 0){
branch  0 never executed
branch  1 never executed
    #####: 1033:	  tributeRevealedCards[0] = state->discard[nextPlayer][state->discardCount[nextPlayer]-1];
    #####: 1034:	  state->discardCount[nextPlayer]--;
        -: 1035:	}
        -: 1036:	else{
        -: 1037:	  //No Card to Reveal
        -: 1038:	  if (DEBUG){
        -: 1039:	    printf("No cards to reveal\n");
        -: 1040:	  }
        -: 1041:	}
        -: 1042:      }
        -: 1043:	    
        -: 1044:      else{
    #####: 1045:	if (state->deckCount[nextPlayer] == 0){
branch  0 never executed
branch  1 never executed
    #####: 1046:	  for (i = 0; i < state->discardCount[nextPlayer]; i++){
branch  0 never executed
branch  1 never executed
    #####: 1047:	    state->deck[nextPlayer][i] = state->discard[nextPlayer][i];//Move to deck
    #####: 1048:	    state->deckCount[nextPlayer]++;
    #####: 1049:	    state->discard[nextPlayer][i] = -1;
    #####: 1050:	    state->discardCount[nextPlayer]--;
        -: 1051:	  }
        -: 1052:			    
    #####: 1053:	  shuffle(nextPlayer,state);//Shuffle the deck
call    0 never executed
        -: 1054:	} 
    #####: 1055:	tributeRevealedCards[0] = state->deck[nextPlayer][state->deckCount[nextPlayer]-1];
    #####: 1056:	state->deck[nextPlayer][state->deckCount[nextPlayer]--] = -1;
    #####: 1057:	state->deckCount[nextPlayer]--;
    #####: 1058:	tributeRevealedCards[1] = state->deck[nextPlayer][state->deckCount[nextPlayer]-1];
    #####: 1059:	state->deck[nextPlayer][state->deckCount[nextPlayer]--] = -1;
    #####: 1060:	state->deckCount[nextPlayer]--;
        -: 1061:      }    
        -: 1062:		       
    #####: 1063:      if (tributeRevealedCards[0] == tributeRevealedCards[1]){//If we have a duplicate card, just drop one 
branch  0 never executed
branch  1 never executed
    #####: 1064:	state->playedCards[state->playedCardCount] = tributeRevealedCards[1];
    #####: 1065:	state->playedCardCount++;
    #####: 1066:	tributeRevealedCards[1] = -1;
        -: 1067:      }
        -: 1068:
    #####: 1069:      for (i = 0; i <= 2; i ++){
branch  0 never executed
branch  1 never executed
    #####: 1070:	if (tributeRevealedCards[i] == copper || tributeRevealedCards[i] == silver || tributeRevealedCards[i] == gold){//Treasure cards
branch  0 never executed
branch  1 never executed
branch  2 never executed
branch  3 never executed
branch  4 never executed
branch  5 never executed
    #####: 1071:	  state->coins += 2;
        -: 1072:	}
        -: 1073:		    
    #####: 1074:	else if (tributeRevealedCards[i] == estate || tributeRevealedCards[i] == duchy || tributeRevealedCards[i] == province || tributeRevealedCards[i] == gardens || tributeRevealedCards[i] == great_hall){//Victory Card Found
branch  0 never executed
branch  1 never executed
branch  2 never executed
branch  3 never executed
branch  4 never executed
branch  5 never executed
branch  6 never executed
branch  7 never executed
branch  8 never executed
branch  9 never executed
    #####: 1075:	  drawCard(currentPlayer, state);
call    0 never executed
    #####: 1076:	  drawCard(currentPlayer, state);
call    0 never executed
        -: 1077:	}
        -: 1078:	else{//Action Card
    #####: 1079:	  state->numActions = state->numActions + 2;
        -: 1080:	}
        -: 1081:      }
        -: 1082:	    
    #####: 1083:      return 0;
        -: 1084:		
        -: 1085:    case ambassador:
    #####: 1086:      j = 0;		//used to check if player has enough cards to discard
        -: 1087:
    #####: 1088:      if (choice2 > 2 || choice2 < 0)
branch  0 never executed
branch  1 never executed
branch  2 never executed
branch  3 never executed
        -: 1089:	{
    #####: 1090:	  return -1;				
        -: 1091:	}
        -: 1092:
    #####: 1093:      if (choice1 == handPos)
branch  0 never executed
branch  1 never executed
        -: 1094:	{
    #####: 1095:	  return -1;
        -: 1096:	}
        -: 1097:
    #####: 1098:      for (i = 0; i < state->handCount[currentPlayer]; i++)
branch  0 never executed
branch  1 never executed
        -: 1099:	{
    #####: 1100:	  if (i != handPos && i == state->hand[currentPlayer][choice1] && i != choice1)
branch  0 never executed
branch  1 never executed
branch  2 never executed
branch  3 never executed
branch  4 never executed
branch  5 never executed
        -: 1101:	    {
    #####: 1102:	      j++;
        -: 1103:	    }
        -: 1104:	}
    #####: 1105:      if (j < choice2)
branch  0 never executed
branch  1 never executed
        -: 1106:	{
    #####: 1107:	  return -1;				
        -: 1108:	}
        -: 1109:
        -: 1110:      if (DEBUG) 
        -: 1111:	printf("Player %d reveals card number: %d\n", currentPlayer, state->hand[currentPlayer][choice1]);
        -: 1112:
        -: 1113:      //increase supply count for choosen card by amount being discarded
    #####: 1114:      state->supplyCount[state->hand[currentPlayer][choice1]] += choice2;
        -: 1115:			
        -: 1116:      //each other player gains a copy of revealed card
    #####: 1117:      for (i = 0; i < state->numPlayers; i++)
branch  0 never executed
branch  1 never executed
        -: 1118:	{
    #####: 1119:	  if (i != currentPlayer)
branch  0 never executed
branch  1 never executed
        -: 1120:	    {
    #####: 1121:	      gainCard(state->hand[currentPlayer][choice1], state, 0, i);
call    0 never executed
        -: 1122:	    }
        -: 1123:	}
        -: 1124:
        -: 1125:      //discard played card from hand
    #####: 1126:      discardCard(handPos, currentPlayer, state, 0);			
call    0 never executed
        -: 1127:
        -: 1128:      //trash copies of cards returned to supply
    #####: 1129:      for (j = 0; j < choice2; j++)
branch  0 never executed
branch  1 never executed
        -: 1130:	{
    #####: 1131:	  for (i = 0; i < state->handCount[currentPlayer]; i++)
branch  0 never executed
branch  1 never executed
        -: 1132:	    {
    #####: 1133:	      if (state->hand[currentPlayer][i] == state->hand[currentPlayer][choice1])
branch  0 never executed
branch  1 never executed
        -: 1134:		{
    #####: 1135:		  discardCard(i, currentPlayer, state, 1);
call    0 never executed
    #####: 1136:		  break;
        -: 1137:		}
        -: 1138:	    }
        -: 1139:	}			
        -: 1140:
    #####: 1141:      return 0;
        -: 1142:		
        -: 1143:    case cutpurse:
        -: 1144:
    #####: 1145:      updateCoins(currentPlayer, state, 2);
call    0 never executed
    #####: 1146:      for (i = 0; i < state->numPlayers; i++)
branch  0 never executed
branch  1 never executed
        -: 1147:	{
    #####: 1148:	  if (i != currentPlayer)
branch  0 never executed
branch  1 never executed
        -: 1149:	    {
    #####: 1150:	      for (j = 0; j < state->handCount[i]; j++)
branch  0 never executed
branch  1 never executed
        -: 1151:		{
    #####: 1152:		  if (state->hand[i][j] == copper)
branch  0 never executed
branch  1 never executed
        -: 1153:		    {
    #####: 1154:		      discardCard(j, i, state, 0);
call    0 never executed
    #####: 1155:		      break;
        -: 1156:		    }
    #####: 1157:		  if (j == state->handCount[i])
branch  0 never executed
branch  1 never executed
        -: 1158:		    {
    #####: 1159:		      for (k = 0; k < state->handCount[i]; k++)
branch  0 never executed
branch  1 never executed
        -: 1160:			{
        -: 1161:			  if (DEBUG)
        -: 1162:			    printf("Player %d reveals card number %d\n", i, state->hand[i][k]);
        -: 1163:			}	
    #####: 1164:		      break;
        -: 1165:		    }		
        -: 1166:		}
        -: 1167:					
        -: 1168:	    }
        -: 1169:				
        -: 1170:	}				
        -: 1171:
        -: 1172:      //discard played card from hand
    #####: 1173:      discardCard(handPos, currentPlayer, state, 0);			
call    0 never executed
        -: 1174:
    #####: 1175:      return 0;
        -: 1176:
        -: 1177:		
        -: 1178:    case embargo: 
        -: 1179:      //+2 Coins
    #####: 1180:      state->coins = state->coins + 2;
        -: 1181:			
        -: 1182:      //see if selected pile is in play
    #####: 1183:      if ( state->supplyCount[choice1] == -1 )
branch  0 never executed
branch  1 never executed
        -: 1184:	{
    #####: 1185:	  return -1;
        -: 1186:	}
        -: 1187:			
        -: 1188:      //add embargo token to selected supply pile
    #####: 1189:      state->embargoTokens[choice1]++;
        -: 1190:			
        -: 1191:      //trash card
    #####: 1192:      discardCard(handPos, currentPlayer, state, 1);		
call    0 never executed
    #####: 1193:      return 0;
        -: 1194:		
        -: 1195:    case outpost:
        -: 1196:      //set outpost flag
    #####: 1197:      state->outpostPlayed++;
        -: 1198:			
        -: 1199:      //discard card
    #####: 1200:      discardCard(handPos, currentPlayer, state, 0);
call    0 never executed
    #####: 1201:      return 0;
        -: 1202:		
        -: 1203:    case salvager:
        -: 1204:      //+1 buy
    #####: 1205:      state->numBuys++;
        -: 1206:			
    #####: 1207:      if (choice1)
branch  0 never executed
branch  1 never executed
        -: 1208:	{
        -: 1209:	  //gain coins equal to trashed card
    #####: 1210:	  state->coins = state->coins + getCost( handCard(choice1, state) );
call    0 never executed
call    1 never executed
        -: 1211:	  //trash card
    #####: 1212:	  discardCard(choice1, currentPlayer, state, 1);	
call    0 never executed
        -: 1213:	}
        -: 1214:			
        -: 1215:      //discard card
    #####: 1216:      discardCard(handPos, currentPlayer, state, 0);
call    0 never executed
    #####: 1217:      return 0;
        -: 1218:		
        -: 1219:    case sea_hag:
    #####: 1220:      for (i = 0; i < state->numPlayers; i++){
branch  0 never executed
branch  1 never executed
    #####: 1221:	if (i != currentPlayer){
branch  0 never executed
branch  1 never executed
    #####: 1222:	  state->discard[i][state->discardCount[i]] = state->deck[i][state->deckCount[i]--];			    state->deckCount[i]--;
    #####: 1223:	  state->discardCount[i]++;
    #####: 1224:	  state->deck[i][state->deckCount[i]--] = curse;//Top card now a curse
        -: 1225:	}
        -: 1226:      }
    #####: 1227:      return 0;
        -: 1228:		
        -: 1229:    case treasure_map:
        -: 1230:      //search hand for another treasure_map
    #####: 1231:      index = -1;
    #####: 1232:      for (i = 0; i < state->handCount[currentPlayer]; i++)
branch  0 never executed
branch  1 never executed
        -: 1233:	{
    #####: 1234:	  if (state->hand[currentPlayer][i] == treasure_map && i != handPos)
branch  0 never executed
branch  1 never executed
branch  2 never executed
branch  3 never executed
        -: 1235:	    {
    #####: 1236:	      index = i;
    #####: 1237:	      break;
        -: 1238:	    }
        -: 1239:	}
    #####: 1240:      if (index > -1)
branch  0 never executed
branch  1 never executed
        -: 1241:	{
        -: 1242:	  //trash both treasure cards
    #####: 1243:	  discardCard(handPos, currentPlayer, state, 1);
call    0 never executed
    #####: 1244:	  discardCard(index, currentPlayer, state, 1);
call    0 never executed
        -: 1245:
        -: 1246:	  //gain 4 Gold cards
    #####: 1247:	  for (i = 0; i < 4; i++)
branch  0 never executed
branch  1 never executed
        -: 1248:	    {
    #####: 1249:	      gainCard(gold, state, 1, currentPlayer);
call    0 never executed
        -: 1250:	    }
        -: 1251:				
        -: 1252:	  //return success
    #####: 1253:	  return 1;
        -: 1254:	}
        -: 1255:			
        -: 1256:      //no second treasure_map found in hand
    #####: 1257:      return -1;
        -: 1258:    }
        -: 1259:	
    #####: 1260:  return -1;
        -: 1261:}
        -: 1262:
function discardCard called 33 returned 100% blocks executed 89%
       33: 1263:int discardCard(int handPos, int currentPlayer, struct gameState *state, int trashFlag)
        -: 1264:{
        -: 1265:	
        -: 1266:  //if card is not trashed, added to Played pile 
       33: 1267:  if (trashFlag < 1)
branch  0 taken 100% (fallthrough)
branch  1 taken 0%
        -: 1268:    {
        -: 1269:      //add card to played pile
       33: 1270:      state->playedCards[state->playedCardCount] = state->hand[currentPlayer][handPos]; 
       33: 1271:      state->playedCardCount++;
        -: 1272:    }
        -: 1273:	
        -: 1274:  //set played card to -1
       33: 1275:  state->hand[currentPlayer][handPos] = -1;
        -: 1276:	
        -: 1277:  //remove card from player's hand
       33: 1278:  if ( handPos == (state->handCount[currentPlayer] - 1) ) 	//last card in hand array is played
branch  0 taken 27% (fallthrough)
branch  1 taken 73%
        -: 1279:    {
        -: 1280:      //reduce number of cards in hand
        9: 1281:      state->handCount[currentPlayer]--;
        -: 1282:    }
       24: 1283:  else if ( state->handCount[currentPlayer] == 1 ) //only one card in hand
branch  0 taken 0% (fallthrough)
branch  1 taken 100%
        -: 1284:    {
        -: 1285:      //reduce number of cards in hand
    #####: 1286:      state->handCount[currentPlayer]--;
        -: 1287:    }
        -: 1288:  else 	
        -: 1289:    {
        -: 1290:      //replace discarded card with last card in hand
       24: 1291:      state->hand[currentPlayer][handPos] = state->hand[currentPlayer][ (state->handCount[currentPlayer] - 1)];
        -: 1292:      //set last card to -1
       24: 1293:      state->hand[currentPlayer][state->handCount[currentPlayer] - 1] = -1;
        -: 1294:      //reduce number of cards in hand
       24: 1295:      state->handCount[currentPlayer]--;
        -: 1296:    }
        -: 1297:	
       33: 1298:  return 0;
        -: 1299:}
        -: 1300:
function gainCard called 3 returned 100% blocks executed 70%
        3: 1301:int gainCard(int supplyPos, struct gameState *state, int toFlag, int player)
        -: 1302:{
        -: 1303:  //Note: supplyPos is enum of choosen card
        -: 1304:	
        -: 1305:  //check if supply pile is empty (0) or card is not used in game (-1)
        3: 1306:  if ( supplyCount(supplyPos, state) < 1 )
call    0 returned 100%
branch  1 taken 0% (fallthrough)
branch  2 taken 100%
        -: 1307:    {
    #####: 1308:      return -1;
        -: 1309:    }
        -: 1310:	
        -: 1311:  //added card for [whoseTurn] current player:
        -: 1312:  // toFlag = 0 : add to discard
        -: 1313:  // toFlag = 1 : add to deck
        -: 1314:  // toFlag = 2 : add to hand
        -: 1315:
        3: 1316:  if (toFlag == 1)
branch  0 taken 0% (fallthrough)
branch  1 taken 100%
        -: 1317:    {
    #####: 1318:      state->deck[ player ][ state->deckCount[player] ] = supplyPos;
    #####: 1319:      state->deckCount[player]++;
        -: 1320:    }
        3: 1321:  else if (toFlag == 2)
branch  0 taken 0% (fallthrough)
branch  1 taken 100%
        -: 1322:    {
    #####: 1323:      state->hand[ player ][ state->handCount[player] ] = supplyPos;
    #####: 1324:      state->handCount[player]++;
        -: 1325:    }
        -: 1326:  else
        -: 1327:    {
        3: 1328:      state->discard[player][ state->discardCount[player] ] = supplyPos;
        3: 1329:      state->discardCount[player]++;
        -: 1330:    }
        -: 1331:	
        -: 1332:  //decrease number in supply pile
        3: 1333:  state->supplyCount[supplyPos]--;
        -: 1334:	 
        3: 1335:  return 0;
        -: 1336:}
        -: 1337:
function updateCoins called 0 returned 0% blocks executed 0%
    #####: 1338:int updateCoins(int player, struct gameState *state, int bonus)
        -: 1339:{
        -: 1340:  int i;
        -: 1341:	
        -: 1342:  //reset coin count
    #####: 1343:  state->coins = 0;
        -: 1344:
        -: 1345:  //add coins for each Treasure card in player's hand
    #####: 1346:  for (i = 0; i < state->handCount[player]; i++)
branch  0 never executed
branch  1 never executed
        -: 1347:    {
    #####: 1348:      if (state->hand[player][i] == copper)
branch  0 never executed
branch  1 never executed
        -: 1349:	{
    #####: 1350:	  state->coins += 1;
        -: 1351:	}
    #####: 1352:      else if (state->hand[player][i] == silver)
branch  0 never executed
branch  1 never executed
        -: 1353:	{
    #####: 1354:	  state->coins += 2;
        -: 1355:	}
    #####: 1356:      else if (state->hand[player][i] == gold)
branch  0 never executed
branch  1 never executed
        -: 1357:	{
    #####: 1358:	  state->coins += 3;
        -: 1359:	}	
        -: 1360:    }	
        -: 1361:
        -: 1362:  //add bonus
    #####: 1363:  state->coins += bonus;
        -: 1364:
    #####: 1365:  return 0;
        -: 1366:}
        -: 1367:
        -: 1368:
        -: 1369://end of dominion.c
        -: 1370:
